[debug] [2018-03-01T06:22:28.474Z] ----------------------------------------------------------------------
[debug] [2018-03-01T06:22:28.478Z] Command:       /Users/jasonetcovitch/.nvm/versions/node/v8.9.4/bin/node /Users/jasonetcovitch/.nvm/versions/node/v8.9.4/bin/firebase serve --only functions,hosting
[debug] [2018-03-01T06:22:28.478Z] CLI Version:   3.17.4
[debug] [2018-03-01T06:22:28.478Z] Platform:      darwin
[debug] [2018-03-01T06:22:28.479Z] Node Version:  v8.9.4
[debug] [2018-03-01T06:22:28.479Z] Time:          Thu Mar 01 2018 01:22:28 GMT-0500 (EST)
[debug] [2018-03-01T06:22:28.479Z] ----------------------------------------------------------------------
[debug] 
[debug] [2018-03-01T06:22:28.497Z] > command requires scopes: ["email","openid","https://www.googleapis.com/auth/cloudplatformprojects.readonly","https://www.googleapis.com/auth/firebase","https://www.googleapis.com/auth/cloud-platform"]
[debug] [2018-03-01T06:22:28.497Z] > authorizing via signed-in user
[debug] [2018-03-01T06:22:28.499Z] >>> HTTP REQUEST GET https://admin.firebase.com/v1/projects/ci-reporter-c082c  
  
 Thu Mar 01 2018 01:22:28 GMT-0500 (EST)
[debug] [2018-03-01T06:22:28.813Z] <<< HTTP RESPONSE 200
[debug] [2018-03-01T06:22:28.813Z] >>> HTTP REQUEST GET https://admin.firebase.com/v1/database/ci-reporter-c082c/tokens  
  
 Thu Mar 01 2018 01:22:28 GMT-0500 (EST)
[debug] [2018-03-01T06:22:29.085Z] <<< HTTP RESPONSE 200
[info] 
[info] === Serving from '/Users/jasonetcovitch/Desktop/Repos/ci-reporter'...
[info] 
[info] i  functions: Preparing to emulate functions.
[debug] [2018-03-01T06:22:29.781Z] Fetching environment
[debug] [2018-03-01T06:22:29.822Z] >>> HTTP REQUEST GET https://appengine.googleapis.com/v1/apps/ci-reporter-c082c  
  
 Thu Mar 01 2018 01:22:29 GMT-0500 (EST)
[debug] [2018-03-01T06:22:29.823Z] >>> HTTP REQUEST GET https://apikeys.googleapis.com/v1/projects/ci-reporter-c082c/apiKeys  
  
 Thu Mar 01 2018 01:22:29 GMT-0500 (EST)
[debug] [2018-03-01T06:22:29.824Z] >>> HTTP REQUEST GET https://cloudresourcemanager.googleapis.com/v1/projects/ci-reporter-c082c  
  
 Thu Mar 01 2018 01:22:29 GMT-0500 (EST)
[debug] [2018-03-01T06:22:30.139Z] <<< HTTP RESPONSE 200
[debug] [2018-03-01T06:22:30.143Z] <<< HTTP RESPONSE 200
[debug] [2018-03-01T06:22:30.143Z] >>> HTTP REQUEST GET https://mobilesdk-pa.googleapis.com/v1/projects/74230999013/clients/_:getWebAppConfig  
  
 Thu Mar 01 2018 01:22:30 GMT-0500 (EST)
[debug] [2018-03-01T06:22:30.220Z] <<< HTTP RESPONSE 200
[debug] [2018-03-01T06:22:30.220Z] Starting @google-cloud/functions-emulator
[debug] [2018-03-01T06:22:30.493Z] <<< HTTP RESPONSE 200
[info] i  hosting: Serving hosting files from: public
[info] ✔  hosting: Local server: http://localhost:5000

[debug] [2018-03-01T06:22:31.804Z] Parsing function triggers
[info] [hosting] Rewriting /encode to local function encode
[info] ✔  functions: encode: http://localhost:5001/ci-reporter-c082c/us-central1/encode
[info] ✔  functions: bot: http://localhost:5001/ci-reporter-c082c/us-central1/bot
[info] [hosting] Rewriting /encode to local function encode
